energy0
166.0795003 1.528754334 59 (1.5288)
167.0635159 1.122186349 79 89 (0.75515 0.36704)
182.074415 1.143094952 55 (1.1431)
184.090065 80.19868641 56 (80.199)
282.1268445 1.185392255 94 101 49 (0.6136 0.4911 0.080697)
300.1374091 3.076723391 0 (3.0767)
energy1
73.04680324 4.58880631 33 (4.5888)
112.0505382 8.903767578 8 (8.9038)
141.0842514 4.275166269 86 80 (2.2939 1.9813)
155.0635159 1.764052864 75 (1.7641)
166.0795003 2.397616381 59 (2.3976)
167.0635159 2.044899052 89 79 (1.1036 0.94127)
168.0587649 2.034072534 2 60 (1.939 0.095071)
184.090065 36.54106614 56 (36.541)
193.0607686 2.758597225 37 36 (1.4702 1.2884)
210.0873177 7.889787223 14 12 6 (4.4209 3.2218 0.24712)
211.0713333 3.398759375 5 17 (3.3832 0.015595)
228.0978823 3.949269785 4 (3.9493)
energy2
15.02292652 1.248665324 3 (1.2487)
73.04680324 1.944639489 33 (1.9446)
88.05770227 3.337465518 47 (3.3375)
100.0577023 2.05022674 72 (2.0502)
112.0505382 1.084074683 8 (1.0841)
114.0733523 1.732844226 77 (1.7328)
124.0577023 1.459382369 83 (1.4594)
139.0686013 1.804654797 81 87 (0.95173 0.85292)
141.0842514 5.95531856 86 80 (4.5836 1.3717)
154.0795003 1.401762934 85 (1.4018)
155.0635159 1.446470245 75 (1.4465)
156.0587649 1.266416382 61 (1.2664)
156.0951504 1.633540562 84 (1.6335)
166.0795003 3.66841868 59 (3.6684)
167.0635159 8.366601287 89 79 (4.6221 3.7445)
168.0587649 1.37827241 2 60 (0.78382 0.59446)
182.074415 3.230789718 55 (3.2308)
184.090065 37.2412088 56 (37.241)

0 300.1374091 C[Si](C)(C)[NH2+]c1ccn(C2CC(O)C(CO)O2)c(=O)n1
1 284.106109 C=[Si](C)[NH+]=C1CCN(C2=CC(O)C(CO)O2)C(O)=N1
2 168.0587649 C=[Si](C)[NH+]=C1CC=NC(O)=N1
3 15.02292652 [CH3+]
4 228.0978823 [NH2+]=C1CCN(C2=CC(O)C(CO)O2)C(O)=N1
5 211.0713333 O=C1C=C(N2CCC=NC2=[OH+])OC1CO
6 210.0873177 [NH2+]=C1CCN(C2=CC(=O)C(CO)O2)C=N1
7 117.0546206 OCC1OC=CC1[OH2+]
8 112.0505382 [NH2+]=C1CC=NC(O)=N1
9 114.0661883 [NH2+]=C1CCNC(O)=N1
10 116.0818384 [NH2+]=C1CCNC(O)N1
11 118.0974884 [NH3+]C1CCNC(O)N1
12 210.0873177 [NH2+]=C1CCN(C2=CC=C(CO)O2)C(O)=N1
13 196.0716676 [NH2+]=C1CCN(C2=CC(=O)CO2)C(O)=N1
14 210.0873177 CC1OC(N2CCC(=[NH2+])N=C2O)=CC1=O
15 69.04472458 C#CC(N)=[NH2+]
16 67.02907452 [C+]#CC(=N)N
17 211.0713333 [NH+]#CCCN(C=O)C1=CC(=O)C(CO)O1
18 87.04405588 C=C([OH2+])C=CO
19 138.0298028 N=C1C=CN(C#[O+])C(O)=N1
20 140.0454529 [NH2+]=C1C=CN(C=O)C(O)=N1
21 142.0611029 [NH2+]=C1C=CN(CO)C(O)=N1
22 144.076753 [NH2+]=C1CCN(CO)C(O)=N1
23 182.0560175 [NH2+]=C1C=CN(COC#CO)C(O)=N1
24 168.076753 [NH2+]=C1CCN(C#CCO)C(O)=N1
25 166.0611029 [NH2+]=C1CCN(C#CC=O)C(O)=N1
26 186.0873177 [NH2+]=C1CCN(C(O)=CCO)C(O)=N1
27 184.0716676 [NH2+]=C1CCN(C(O)=C=CO)C(O)=N1
28 182.0560175 [NH2+]=C1CCN(C(O)=C=C=O)C(O)=N1
29 226.0822323 [NH2+]=C1CCN(C2=CC(=O)C(CO)O2)C(O)=N1
30 208.0716676 [NH2+]=C1CCN(C2=CC=C(C=O)O2)C(O)=N1
31 208.0716676 C=C1OC(N2CCC(=[NH2+])N=C2O)=CC1=O
32 180.0403675 [NH2+]=C1C=CN(C(O)=C=C=O)C(O)=N1
33 73.04680324 C[Si](C)=[CH3+]
34 75.0624533 C[SiH](C)[CH4+]
35 97.0396392 [OH+]=C1N=CCC=N1
36 193.0607686 O=CC1=CC=C(N2CCC=NC2=[OH+])O1
37 193.0607686 C=C1OC(N2CCC=NC2=[OH+])=CC1=O
38 40.01817548 [CH2+]C#N
39 54.03382555 C=CC#[NH+]
40 52.01817548 C#CC#[NH+]
41 183.0764186 [NH+]#CCCN=C1C=C(O)C(CO)O1
42 123.0189038 O=C1N=CC=CN1C#[O+]
43 167.0451185 OC#COCN1C=CC=NC1=[OH+]
44 169.0607686 OC=C=C(O)N1CCC=NC1=[OH+]
45 167.0451185 O=C=C=C(O)N1CCC=NC1=[OH+]
46 165.0294684 O=C=C=C(O)N1C=CC=NC1=[OH+]
47 88.05770227 [CH2+][Si](C)(C)N
48 90.07335233 C[Si](C)(C)[NH3+]
49 282.1268445 C[Si](C)(C)[NH+]=C1CCN(C2=CC(=O)C(CO)O2)C=N1
50 168.0951504 C[Si](C)(C)[NH+]=C1CC=NC=N1
51 99.04405588 [OH2+]CC1=CC=CO1
52 99.04405588 CC1OC=CC1=[OH+]
53 71.01275576 OC#CC=[OH+]
54 115.0389705 OCC1OC=CC1=[OH+]
55 182.074415 [CH2+][Si](C)(C)N=C1CC=NC(O)=N1
56 184.090065 C[Si](C)(C)[NH+]=C1CC=NC(O)=N1
57 17.03857658 [CH5+]
58 71.03115317 [CH+]=[Si](C)C
59 166.0795003 [CH2+][Si](C)(C)N=C1CC=NC=N1
60 168.0587649 C#[N+]C(=O)N=C=N[Si](C)(C)C
61 156.0587649 [CH2+][Si](C)(C)N=C=NC(N)=O
62 143.0635159 C[Si](C)(C)[NH+]=C=NC=O
63 141.0478659 C[Si](C)(C)N=C=[N+]=C=O
64 42.03382555 CC#[NH+]
65 44.04947561 CC=[NH2+]
66 117.0842514 C[Si](C)(C)[NH+]=CN
67 115.0686013 C[Si](C)(C)[NH+]=C=N
68 113.0529512 [CH2+][Si](C)(C)N=C=N
69 65.99744004 [C+]#CN=C=O
70 68.0130901 C#C[NH+]=C=O
71 70.02874017 C=C[NH+]=C=O
72 100.0577023 C#[N+][Si](C)(C)C
73 83.02398914 [CH+]=C=NC(=N)O
74 157.079166 CC(N=C=O)=[NH+][Si](C)(C)C
75 155.0635159 [CH2+][Si](C)(C)N=C(C)N=C=O
76 129.0842514 [CH2+][Si](C)(C)N=C(C)N
77 114.0733523 C=C=[NH+][Si](C)(C)C
78 112.0577023 C=C=N[Si]([CH2+])(C)C
79 167.0635159 C#CC(N=C=O)=[NH+][Si](C)(C)C
80 141.0842514 C#CC(N)=[NH+][Si](C)(C)C
81 139.0686013 C#CC(N)=N[Si]([CH2+])(C)C
82 44.0130901 [NH2+]=C=O
83 124.0577023 C#CC#[N+][Si](C)(C)C
84 156.0951504 C[Si](C)(C)[NH+]=C(N)CC#N
85 154.0795003 [CH2+][Si](C)(C)N=C(N)CC#N
86 141.0842514 C[Si](C)(C)[NH+]=CCC#N
87 139.0686013 C[Si](C)(C)[NH+]=C=CC#N
88 137.0529512 [CH2+][Si](C)(C)N=C=CC#N
89 167.0635159 C[Si](C)(C)[NH+]=CC#CN=C=O
90 186.1057151 C[Si](C)(C)[NH+]=C1CCNC(O)=N1
91 188.1213651 C[Si](C)(C)[NH+]=C1CCNC(O)N1
92 170.1108005 C[Si](C)(C)[NH+]=C1CCNC=N1
93 190.1370152 C[Si](C)(C)[NH2+]C1CCNC(O)N1
94 282.1268445 C[Si](C)(C)[NH+]=C1CCN(C2=CC=C(CO)O2)C(O)=N1
95 264.1162798 CC1=CC=C(N2C=CC(=[NH+][Si](C)(C)C)N=C2O)O1
96 240.1162798 C=C=C(O)N1CCC(=[NH+][Si](C)(C)C)N=C1O
97 236.0849796 C=C=C(O)N1C=CC(=N[Si]([CH2+])(C)C)N=C1O
98 268.1111944 C[Si](C)(C)[NH+]=C1CCN(C2=CC(=O)CO2)C(O)=N1
99 270.1268445 C[Si](C)(C)[NH+]=C1CCN(C2=CC(O)CO2)C(O)=N1
100 272.1424945 C[Si](C)(C)[NH+]=C1CCN(C2CC(O)CO2)C(O)=N1
101 282.1268445 CC1OC(N2CCC(=[NH+][Si](C)(C)C)N=C2O)=CC1=O
102 186.0760843 CC[NH+](C=O)C1=CC(=O)C(CO)O1
103 128.0342195 [NH2+]=C1C=C(O)C(=CO)O1
104 130.0498695 [NH2+]=C1C=C(O)C(CO)O1
105 132.0655196 [NH2+]=C1CC(O)C(CO)O1
106 134.0811697 [NH3+]C1CC(O)C(CO)O1
107 143.0999014 C=CC(N)=[NH+][Si](C)(C)C
108 158.0447842 O=C=[NH+]C1=CC(O)C(CO)O1
109 160.0604342 O=C=[NH+]C1CC(O)C(CO)O1
110 272.1424945 C[Si](C)(C)[NH+]=C(N)CCN=C1C=C(O)C(CO)O1
111 226.1006297 C[Si](C)(C)[NH+]=C(N)C=CN=C(O)C#CO
112 270.1268445 C[Si](C)(C)[NH+]=C(N)CCN=C1C=C(O)C(=CO)O1
113 268.1111944 C[Si](C)(C)[NH+]=C(N)CCN=C1C=C(O)C(=C=O)O1
114 257.1315955 C[Si](C)(C)[NH+]=CCCN=C1C=C(O)C(CO)O1
115 91.07535601 CC([OH2+])CCO
116 89.05970595 C=C([OH2+])CCO
117 71.04914126 C#CCC[OH2+]
118 69.0334912 C#CC=C[OH2+]
119 85.02840582 C=C([OH2+])C#CO
120 83.01275576 [CH+]=C(O)C#CO
121 210.0693296 C[Si](C)(C)N=C1C=CN(C#[O+])C(O)=N1
122 212.0849796 C[Si](C)(C)[NH+]=C1C=CN(C=O)C(O)=N1
123 214.1006297 C[Si](C)(C)[NH+]=C1C=CN(CO)C(O)=N1
124 216.1162798 C[Si](C)(C)[NH+]=C1CCN(CO)C(O)=N1
125 238.1006297 C[Si](C)(C)[NH+]=C1CCN(C#CC=O)C(O)=N1
126 61.02840582 OC=C[OH2+]
127 216.1526653 CCN1CCC(=[NH+][Si](C)(C)C)NC1O
128 214.1370152 CCN1CCC(=[NH+][Si](C)(C)C)N=C1O
129 212.1213651 C=CN1CCC(=[NH+][Si](C)(C)C)N=C1O
130 210.1057151 C#CN1CCC(=[NH+][Si](C)(C)C)N=C1O
131 208.090065 C#CN1C=CC(=[NH+][Si](C)(C)C)N=C1O
132 89.02332044 OCC(O)=C=[OH+]
133 91.0389705 OCC(O)C=[OH+]
134 258.1268445 C[Si](C)(C)[NH+]=C1CCN(C(O)=CCO)C(O)=N1
135 242.0955443 C=[Si](C)[NH+]=C1CCN(C(O)=CCO)C(O)=N1
136 240.1162798 C[Si](C)(C)[NH+]=C1CCN(C(O)=C=CO)C=N1
137 73.02840582 OC#CC[OH2+]
138 43.01784114 C#C[OH2+]
139 240.1162798 C[Si](C)(C)[NH+]=C1CCN(C#CCO)C(O)=N1
140 256.1111944 C[Si](C)(C)[NH+]=C1CCN(C(O)=C=CO)C(O)=N1
141 238.1006297 C=C=C(O)N1C=CC(=[NH+][Si](C)(C)C)N=C1O
142 254.0955443 C[Si](C)(C)[NH+]=C1CCN(C(O)=C=C=O)C(O)=N1
143 238.0642442 C=[Si](C)[NH+]=C1CCN(C(O)=C=C=O)C(O)=N1
144 236.0849796 C[Si](C)(C)[NH+]=C1C=CN(C(O)=C=C=O)C=N1
145 45.0334912 C=C[OH2+]
146 236.0849796 C[Si](C)(C)[NH+]=C1C=CN(C#CC=O)C(O)=N1
147 41.00219107 [C+]#CO
148 47.04914126 CC[OH2+]
149 228.1162798 C=C(O)N1CCC(=[NH+][Si](C)(C)C)N=C1O
150 272.1424945 C=C(OCCO)N1CCC(=[NH+][Si](C)(C)C)N=C1O
