energy0
59.01385292 0.8463908438 87 56 (0.84189 0.0044976)
71.03225033 4.548344015 50 (4.5483)
145.0690298 1.809334401 62 149 (1.7877 0.021668)
161.0639444 5.096683378 32 231 (4.8835 0.21319)
175.0795944 1.055162518 58 91 (1.0463 0.0088546)
203.0745091 4.113987752 18 55 54 70 (3.6448 0.3577 0.064682 0.046775)
221.0850738 2.548580287 16 (2.5486)
463.2157536 0.8736666874 40 98 (0.72379 0.14988)
475.2157536 4.331329911 73 99 (2.7022 1.6291)
477.1950181 1.393679486 102 97 100 (0.6219 0.38589 0.38589)
493.2263183 4.472196196 96 (4.4722)
551.2317976 1.359342926 202 241 126 (1.3475 0.010728 0.0010995)
553.2474476 0.8991343572 203 242 (0.84175 0.05738)
607.2580123 3.993916194 107 31 165 161 121 167 120 129 (2.3173 0.62277 0.36857 0.3282 0.15617 0.14524 0.02824 0.027442)
609.2372769 0.792611168 125 166 118 122 164 168 (0.28956 0.1407 0.093873 0.093873 0.087303 0.087303)
625.268577 2.499599061 117 163 (1.4723 1.0273)
651.266239 1.38274944 21 24 14 23 193 235 (0.42347 0.42347 0.26276 0.26276 0.0051395 0.0051395)
667.2975391 3.533571061 13 220 3 158 183 228 (2.9559 0.24324 0.11178 0.11178 0.07884 0.03202)
679.2975391 7.558311194 28 146 145 173 209 (4.6467 2.2695 0.36834 0.19148 0.082293)
681.2768036 5.970421423 169 138 1 159 (2.8848 2.4214 0.3321 0.3321)
697.3081038 21.08215443 0 (21.082)
energy1
15.02402368 1.268475774 105 (1.2685)
71.03225033 3.565632972 50 (3.5656)
89.0244176 1.392977725 130 (1.393)
89.04281502 3.589760582 48 (3.5898)
131.0349823 1.74926972 85 49 (1.5829 0.16639)
145.0690298 1.128321412 62 149 (0.5697 0.55862)
147.0298969 1.22612919 51 (1.2261)
149.045547 1.179580318 52 (1.1796)
159.0482943 1.455759823 57 (1.4558)
161.0639444 1.297650222 32 231 (1.2515 0.046183)
175.0795944 1.574669508 91 58 (1.4179 0.15677)
203.0745091 4.552421628 18 55 70 54 (3.097 0.67868 0.55888 0.21782)
221.0850738 3.064382641 16 (3.0644)
447.2208389 1.156210832 74 177 29 (0.66352 0.37421 0.11847)
461.2001035 1.32123709 160 2 172 39 (0.54134 0.54134 0.15203 0.086528)
475.2157536 2.109034427 99 73 (1.0812 1.0278)
477.1950181 1.573736878 97 100 102 (0.742 0.742 0.089733)
493.2263183 1.978885863 96 (1.9789)
551.2317976 1.373259302 241 202 126 (0.93232 0.4141 0.026841)
595.2580123 2.782702636 20 246 134 212 (1.5807 0.87254 0.18302 0.14644)
607.2580123 5.526715848 31 121 165 107 129 167 120 161 (2.4324 0.69581 0.66212 0.55893 0.52587 0.22617 0.22331 0.2021)
609.2372769 4.043081458 118 122 164 168 125 166 (1.3979 1.3979 0.4544 0.4544 0.2835 0.054952)
623.2529269 1.947780472 115 162 (1.1507 0.79706)
625.268577 4.172295915 117 163 (3.395 0.77731)
651.266239 1.794879477 14 23 193 235 21 24 (0.65187 0.65187 0.16674 0.16674 0.078833 0.078833)
651.3026245 1.487135111 176 147 180 (0.69449 0.55541 0.23723)
665.281889 1.136065292 4 157 12 221 184 (0.25941 0.25941 0.25574 0.21639 0.1451)
667.2975391 3.252436962 13 220 3 158 183 228 (1.2126 1.0117 0.29301 0.29301 0.28106 0.16103)
679.2975391 3.29369446 146 28 209 145 173 (0.93341 0.92982 0.87188 0.39124 0.16735)
681.2768036 2.062887151 1 159 169 138 (0.78699 0.78699 0.26057 0.22833)
697.3081038 1.898333508 0 (1.8983)
energy2
43.0189383 5.773577729 88 (5.7736)
59.01385292 1.114473285 56 87 (0.58573 0.52874)
71.03225033 10.62694986 50 (10.627)
73.02950298 1.053542556 90 (1.0535)
89.04281502 2.23861623 48 (2.2386)
113.042815 1.535380231 64 (1.5354)
115.0584651 3.871262388 25 (3.8713)
131.0349823 1.724456463 85 49 (1.6681 0.056314)
149.045547 0.7974245534 52 (0.79742)
203.0745091 1.037351913 18 55 70 54 (0.96862 0.045416 0.012356 0.010959)
433.2051889 1.270863503 15 196 239 (0.54344 0.37375 0.35368)
447.1844534 2.033489937 43 41 44 (0.99973 0.99973 0.034036)
461.2001035 2.074358939 160 2 39 172 (0.77261 0.77261 0.51515 0.013994)
463.2157536 1.35030482 40 98 (0.90478 0.44553)
477.1950181 2.59801774 97 100 102 (1.2773 1.2773 0.043485)
493.2263183 2.190293386 96 (2.1903)
505.2263183 2.618068528 216 (2.6181)
533.2212329 1.045713054 230 132 (0.71875 0.32696)
535.2368829 1.258531749 211 133 (0.93601 0.32252)
551.2317976 0.8859330724 126 241 202 (0.394 0.37536 0.11658)
553.2474476 1.279953386 242 203 (0.91174 0.36822)
593.2423622 1.098283616 245 19 135 (0.58689 0.2995 0.2119)
595.2580123 2.242620262 246 20 134 212 (1.3482 0.47557 0.28818 0.13064)
609.2372769 3.431432014 118 122 164 168 125 166 (0.95101 0.95101 0.7093 0.7093 0.086669 0.024148)
625.2869744 2.97328807 195 237 186 (1.0592 1.0023 0.91174)
651.266239 1.108300257 14 23 193 235 21 24 (0.29735 0.29735 0.24667 0.24667 0.010123 0.010123)
653.281889 1.031759737 194 236 181 170 139 179 182 (0.4433 0.42044 0.10009 0.039658 0.021456 0.0034075 0.0034075)
665.281889 1.479150274 221 12 4 157 184 (0.62868 0.23828 0.22474 0.22474 0.16271)
667.2975391 2.229161784 220 3 158 183 13 228 (0.70156 0.49067 0.49067 0.42747 0.06052 0.058277)
669.3131892 0.7817527183 219 26 174 (0.59434 0.16933 0.018083)
681.2768036 1.820235453 1 159 169 138 (0.89545 0.89545 0.018322 0.011009)

0 697.3081038 COc1cc(CC(C[O-])C(COC2OCC(O[Si](C)(C)C)C(O)C2O)Cc2cc(OC)c(O[Si](C)(C)C)c(OC)c2)cc(OC)c1O
1 681.2768036 COC1CC(C=C(C=O)C(=COC2OC=C(O[Si](C)(C)C)C(=O)C2[O-])CC2CC(OC)C(O[Si](C)(C)C)C(OC)C2)=CC(=O)C1O
2 461.2001035 C=C(C=C1C=C(OC)C(O[Si](C)(C)C)C(OC)C1)C(C=O)=CC1=CC(=O)C([O-])C(OC)C1
3 667.2975391 COC1CC(=C=C(C=O)C(=COC2OC=C(O[Si](C)(C)C)C([O-])C2O)CC2CC(OC)C(O[Si](C)(C)C)C(OC)C2)C=CC1O
4 665.281889 COC1CC(=C=C(C=O)C(=COC2OC=C(O[Si](C)(C)C)C(=O)C2[O-])CC2CC(OC)C(O[Si](C)(C)C)C(OC)C2)C=CC1O
5 545.2607597 C=C(C=O)C(=COC1OCC(O[Si](C)(C)C)C([O-])C1O)CC1CC(OC)C(O[Si](C)(C)C)C(OC)C1
6 541.2294595 C=C(C=O)C(=COC1OC=C(O[Si](C)(C)C)C(=O)C1[O-])CC1CC(OC)C(O[Si](C)(C)C)C(OC)C1
7 153.0557177 COC1=CC=CC(OC)=C1[O-]
8 531.2451096 COC1CC(CC(C#C[O-])=COC2OCC(O[Si](C)(C)C)C(O)C2O)CC(OC)C1O[Si](C)(C)C
9 529.2294595 COC1CC(CC(C#C[O-])=COC2OC=C(O[Si](C)(C)C)C(O)C2O)CC(OC)C1O[Si](C)(C)C
10 527.2138095 COC1CC(CC(C#C[O-])=COC2OC=C(O[Si](C)(C)C)C(=O)C2O)CC(OC)C1O[Si](C)(C)C
11 167.0713678 C=C1C=C(OC)C([O-])C(OC)=C1
12 665.281889 COC1=CC(=C=C=C(COC2OC=C(O[Si](C)(C)C)C(=O)C2=O)CC2CC(OC)C(O[Si](C)(C)C)C(OC)C2)CC(OC)C1[O-]
13 667.2975391 COC1=CC(=C=C=C(COC2OC=C(O[Si](C)(C)C)C(=O)C2[O-])CC2CC(OC)C(O[Si](C)(C)C)C(OC)C2)CC(OC)C1O
14 651.266239 COC1CC(C#CC(=COC2OC=C(O[Si](C)(C)C)C(=O)C2[O-])CC2CC(OC)C(O[Si](C)(C)C)C(OC)C2)=CC(=O)C1O
15 433.2051889 COC1=CC(=C=C=C=C=C2CC(OC)C(O[Si](C)(C)C)C(OC)C2)CC(OC)C1[O-]
16 221.0850738 C[Si](C)(C)OC1COC([O-])C(O)C1O
17 445.2051889 COC1=CC(=CC(C)=C=C=C2C=C(OC)C([O-])C(OC)C2)CC(OC)=C1O[Si](C)(C)C
18 203.0745091 C[Si](C)(C)OC1=COCC(O)C1[O-]
19 593.2423622 COC1=CC(=C=C=C(COC2OC=C([O-])C(=O)C2=O)CC2CC(OC)C(O[Si](C)(C)C)C(OC)C2)CC(OC)C1O
20 595.2580123 COC1=CC(=C=C=C(COC2OC=C([O-])C(=O)C2O)CC2CC(OC)C(O[Si](C)(C)C)C(OC)C2)CC(OC)C1O
21 651.266239 C=[Si](C)OC1=COC(OCC(=C=C=C2C=C(OC)C(O)C(OC)C2)CC2CC(OC)C(O[Si](C)(C)C)C(OC)C2)C([O-])C1=O
22 649.2869744 COC1=CC(=C=C=C(C=C2CC(OC)C(O[Si](C)(C)C)C(OC)C2)COC2CC(=O)C(O[Si](C)(C)C)=CO2)CC(OC)C1[O-]
23 651.266239 COC1=CC(=C=C=C(COC2OC=C(O[Si](C)(C)C)C(=O)C2=O)CC2CC([O-])C(O[Si](C)(C)C)C(OC)C2)CC(OC)C1O
24 651.266239 COC1=CC(=C=C=C(COC2OC=C(O[Si](C)(C)C)C(=O)C2=O)CC2CC(OC)C(O[SiH](C)C)C(OC)C2)CC(OC)C1[O-]
25 115.0584651 [CH-]=CO[Si](C)(C)C
26 669.3131892 COC1=CC(=C=C=C(COC2OC=C(O[Si](C)(C)C)C([O-])C2O)CC2CC(OC)C(O[Si](C)(C)C)C(OC)C2)CC(OC)C1O
27 17.00328823 [OH-]
28 679.2975391 COC1=CC(=C=C(C)C(=COC2OC=C(O[Si](C)(C)C)C(=O)C2=O)CC2CC(OC)C(O[Si](C)(C)C)C(OC)C2)CC(OC)C1[O-]
29 447.2208389 COC1=CC(=C=C(C)C#CC2=CC(OC)C(O[Si](C)(C)C)C(OC)C2)CC(OC)C1[O-]
30 459.2208389 C=C(C=C1C=C(OC)C(O[Si](C)(C)C)=C(OC)C1)C(C)=C=C1C=C(OC)C([O-])C(OC)C1
31 607.2580123 COC1=CC(=C=C(C)C(=COC2OC=C([O-])C(=O)C2=O)CC2CC(OC)C(O[Si](C)(C)C)C(OC)C2)CC(OC)C1O
32 161.0639444 C[Si](C)(C)OC=C([O-])CO
33 487.2188948 COC1CC(CC#COC2OC=C(O[Si](C)(C)C)C([O-])C2O)CC(OC)C1O[Si](C)(C)C
34 485.2032448 COC1CC(CC#COC2OC=C(O[Si](C)(C)C)C(=O)C2[O-])CC(OC)C1O[Si](C)(C)C
35 483.1875947 [CH2-][Si](C)(C)OC1=COC(OC#CCC2CC(OC)C(O[Si](C)(C)C)C(OC)C2)C(=O)C1=O
36 207.0662824 COC1=CC(=C=C=C=O)CC(OC)C1[O-]
37 209.0819325 COC1=CC(=C=C=C[O-])CC(OC)C1O
38 211.0975825 COC1=CC(=C=CC[O-])CC(OC)C1O
39 461.2001035 COC1=CC(=C=C(C#CC2=CC(OC)C(O[Si](C)(C)C)C(OC)C2)C=O)CC(OC)C1[O-]
40 463.2157536 COC1=CC(=C=C(C#CC2CC(OC)C(O[Si](C)(C)C)C(OC)C2)C=O)CC(OC)C1[O-]
41 447.1844534 COC1C=C(C#CC(C=O)=CC2=CC(=O)C([O-])C(OC)C2)CC(OC)C1O[Si](C)(C)C
42 445.2051889 COC1=CC(=C=C(C)C#CC2=CC(OC)=C(O[Si](C)(C)C)C(OC)C2)CC(OC)C1[O-]
43 447.1844534 COC1=CC(=C=C(C#CC2=CC([O-])C(O[Si](C)(C)C)C(OC)C2)C=O)CC(OC)C1O
44 447.1844534 COC1=CC(=C=C(C#CC2=CC(OC)C(O[SiH](C)C)C(OC)C2)C=O)CC(OC)C1[O-]
45 465.2314036 COC1=CC(=C=C(C=O)C=CC2CC(OC)C(O[Si](C)(C)C)C(OC)C2)CC(OC)C1[O-]
46 467.2470537 COC1=CC(=C=C(C=O)CCC2CC(OC)C(O[Si](C)(C)C)C(OC)C2)CC(OC)C1[O-]
47 469.2627038 COC1=CC(=C=C(C[O-])CCC2CC(OC)C(O[Si](C)(C)C)C(OC)C2)CC(OC)C1O
48 89.04281502 C[Si](C)(C)[O-]
49 131.0349823 O=C1OCCC([O-])C1O
50 71.03225033 [CH-]=[Si](C)C
51 147.0298969 O=C1OCC([O-])C(O)C1O
52 149.045547 [O-]C1OCC(O)C(O)C1O
53 205.0537736 C[SiH](C)OC1COC(=O)C(O)C1[O-]
54 203.0745091 C[Si](C)(C)OC1COC(=O)C([O-])C1
55 203.0745091 C[Si](C)(C)OC1COC(=O)CC1[O-]
56 59.01385292 CO[C-]=O
57 159.0482943 C[Si](C)(C)OC=C([O-])C=O
58 175.0795944 C=C(O[Si](C)(C)C)C([O-])CO
59 75.00876754 O=C([O-])CO
60 72.99311747 O=CC(=O)[O-]
61 143.0533797 [CH-]=C(C=O)O[Si](C)(C)C
62 145.0690298 C=C(C[O-])O[Si](C)(C)C
63 56.99820285 O=[C-]C=O
64 113.042815 [C-]#CO[Si](C)(C)C
65 117.0741151 [CH2-]CO[Si](C)(C)C
66 131.0533797 C[Si](C)(C)OC[C-]=O
67 133.0690298 C[Si](C)(C)OCC[O-]
68 191.0745091 C[Si](C)(C)OCC([O-])C(O)C=O
69 189.058859 C[Si](C)(C)OC=C([O-])C(O)C=O
70 203.0745091 C=C(O[Si](C)(C)C)C([O-])C(O)C=O
71 219.0694237 C[Si](C)(C)OC1COC(=O)C(O)C1[O-]
72 217.0537736 C[Si](C)(C)OC1=COC(=O)C(O)C1[O-]
73 475.2157536 C=C(C=C1C=C(OC)C(O[Si](C)(C)C)C(OC)C1)C(=C=C1C=C(OC)C([O-])C(OC)C1)C=O
74 447.2208389 COC1=CC(=C=C=C(C)C=C2C=C(OC)C(O[Si](C)(C)C)C(OC)C2)CC(OC)C1[O-]
75 457.2051889 C=C(C=C1C=C(OC)C(O[Si](C)(C)C)=C(OC)C1)C(C)=C=C1C=C(OC)C([O-])C(OC)=C1
76 403.1946242 C=C(C=C1CC(OC)C(O[Si](C)(C)C)C(OC)C1)C(=C=C(C)C#CO[CH2-])C=O
77 331.1550974 C=C(C=C(C)C=COC)C(=C=C1C=C(OC)C([O-])C(OC)C1)C=O
78 477.2314036 C=C(C=C1CC(OC)C(O[Si](C)(C)C)C(OC)C1)C(=C=C1C=C(OC)C([O-])C(OC)C1)C=O
79 479.2470537 C=C(CC1CC(OC)C(O[Si](C)(C)C)C(OC)C1)C(=C=C1C=C(OC)C([O-])C(OC)C1)C=O
80 461.236489 C=C(C=C1C=C(OC)C(O[Si](C)(C)C)C(OC)C1)C(C)=C=C1C=C(OC)C([O-])C(OC)C1
81 483.2783538 COC1=CC(=C=C(C[O-])C(C)CC2CC(OC)C(O[Si](C)(C)C)C(OC)C2)CC(OC)C1O
82 205.0901591 C[Si](C)(C)OC1COCC(O)C1[O-]
83 113.0244176 O=C1C=COCC1[O-]
84 129.0193322 O=C1C([O-])=COCC1O
85 131.0349823 [O-]C1=COCC(O)C1O
86 185.0639444 [CH2-][Si](C)(C)OC1=COCCC1=O
87 59.01385292 O=CC[O-]
88 43.0189383 [CH2-]C=O
89 41.00328823 [CH-]=C=O
90 73.02950298 CC([O-])C=O
91 175.0795944 CC(O)C([O-])=CO[Si](C)(C)C
92 173.0639444 CC(=O)C([O-])=CO[Si](C)(C)C
93 201.058859 C[Si](C)(C)OC1=COCC([O-])C1=O
94 199.0432089 [CH2-][Si](C)(C)OC1=COCC(=O)C1=O
95 491.2106682 COC1=CC(=C=C(C=O)C(=C=O)C=C2CC(OC)C(O[Si](C)(C)C)C(OC)C2)CC(OC)C1[O-]
96 493.2263183 COC1=CC(=C=C(C=O)C(=C=O)CC2CC(OC)C(O[Si](C)(C)C)C(OC)C2)CC(OC)C1[O-]
97 477.1950181 COC1CC(C=C(C=O)C(=C=O)C=C2CC(OC)C(O[Si](C)(C)C)C(OC)C2)=CC(=O)C1[O-]
98 463.2157536 COC1=CC(=C=C=C(C=O)C=C2CC(OC)C(O[Si](C)(C)C)C(OC)C2)CC(OC)C1[O-]
99 475.2157536 COC1=CC(=C=C(C)C(=C=O)C=C2C=C(OC)C(O[Si](C)(C)C)C(OC)C2)CC(OC)C1[O-]
100 477.1950181 COC1=CC(=C=C(C=O)C(=C=O)C=C2CC([O-])C(O[Si](C)(C)C)C(OC)C2)CC(OC)C1O
101 419.1711414 COC1=CC(=C=C(C=O)C(=C=O)C=C2CC(OC)C([O-])C(OC)C2)CC(OC)C1O
102 477.1950181 COC1=CC(=C=C(C=O)C(=C=O)C=C2CC(OC)C(O[SiH](C)C)C(OC)C2)CC(OC)C1[O-]
103 419.1895388 [CH2-]OC#CC(C)=C=C(C=O)C(=C=O)CC1CC(OC)C(O[Si](C)(C)C)C(OC)C1
104 347.150012 COCCC(C)=CC(=C=O)C(=C=C1C=C(OC)C([O-])C(OC)C1)C=O
105 15.02402368 [CH3-]
106 73.01151489 [CH2-][Si](C)=O
107 607.2580123 COC1=CC(=C=C(C=O)C(=COC2OC=CC(=O)C2[O-])CC2CC(OC)C(O[Si](C)(C)C)C(OC)C2)CC(OC)C1O
108 579.2630977 COC1=CC(=C=C=C(COC2OC=CC(=O)C2[O-])CC2CC(OC)C(O[Si](C)(C)C)C(OC)C2)CC(OC)C1O
109 589.2474476 COC1=CC(=C=C(C)C(=COC2OC=CC(=O)C2=O)C=C2CC(OC)C(O[Si](C)(C)C)C(OC)C2)CC(OC)C1[O-]
110 115.0400677 [O-]C1C=COCC1O
111 55.0189383 C#CC[O-]
112 85.02950298 C#CC([O-])CO
113 73.0479004 [CH2-][SiH](C)C
114 55.00095021 [C-]#[Si]C
115 623.2529269 COC1=CC(=C=C(C=O)C(=COC2OC=C([O-])C(=O)C2O)CC2CC(OC)C(O[Si](C)(C)C)C(OC)C2)CC(OC)C1O
116 71.01385292 C=C([O-])C=O
117 625.268577 COC1=CC(=C=C(C=O)C(=COC2OC=C([O-])C(O)C2O)CC2CC(OC)C(O[Si](C)(C)C)C(OC)C2)CC(OC)C1O
118 609.2372769 COC1CC(C=C(C=O)C(=COC2OC=C([O-])C(=O)C2O)CC2CC(OC)C(O[Si](C)(C)C)C(OC)C2)=CC(=O)C1O
119 133.0506323 [O-]C1COCC(O)C1O
120 607.2580123 COC1=CC(=C=C(C=O)C(=COC2OC=C([O-])C=C2O)CC2CC(OC)C(O[Si](C)(C)C)C(OC)C2)CC(OC)C1O
121 607.2580123 COC1=CC(=C=C(C=O)C(=COC2CC(=O)C([O-])=CO2)CC2CC(OC)C(O[Si](C)(C)C)C(OC)C2)CC(OC)C1O
122 609.2372769 COC1=CC(=C=C(C=O)C(=COC2OC=C([O-])C(=O)C2O)CC2CC(O)C(O[Si](C)(C)C)C(OC)C2)CC(OC)C1O
123 551.2134001 COC1=CC(=C=C(C=O)C(=COC2OC=C([O-])C(=O)C2O)CC2CC(OC)C(O)C(OC)C2)CC(OC)C1O
124 553.2290502 COC1=CC(=C=C(C=O)C(=COC2OC=C([O-])C(O)C2O)CC2CC(OC)C(O)C(OC)C2)CC(OC)C1O
125 609.2372769 COC1=CC(=C=C(C=O)C(=COC2OC=C([O-])C(=O)C2O)CC2CC(OC)C(O[SiH](C)C)C(OC)C2)CC(OC)C1O
126 551.2317976 COC#CC(C)=C=C(C=O)C(=COC1OC=C([O-])C(O)C1O)CC1CC(OC)C(O[Si](C)(C)C)C(OC)C1
127 103.0400677 C=C([O-])C(O)CO
128 101.0244176 C=C([O-])C(=O)CO
129 607.2580123 C=C([O-])C(=O)C(=O)COC=C(CC1CC(OC)C(O[Si](C)(C)C)C(OC)C1)C(=C=C1C=C(OC)C(O)C(OC)C1)C=O
130 89.0244176 O=CC([O-])CO
131 87.00876754 O=C=C([O-])CO
132 533.2212329 COCOC=C(C=C1C=C(OC)C(O[Si](C)(C)C)=C(OC)C1)C(=C=C1C=C(OC)C([O-])C(OC)C1)C=O
133 535.2368829 COCOC=C(C=C1C=C(OC)C(O[Si](C)(C)C)C(OC)C1)C(=C=C1C=C(OC)C([O-])C(OC)C1)C=O
134 595.2580123 COC1=CC(=C=C(C=O)C(=COCC(O)C([O-])=C=O)CC2CC(OC)C(O[Si](C)(C)C)C(OC)C2)CC(OC)C1O
135 593.2423622 COC1=CC(=C=C(C=O)C(=COCC(=O)C([O-])=C=O)CC2CC(OC)C(O[Si](C)(C)C)C(OC)C2)CC(OC)C1O
136 539.2681831 COC1=CC(=C=C(C=O)C(=COCC[O-])CC2CC(OC)C(O[Si](C)(C)C)C(OC)C2)CC(OC)C1O
137 479.1922708 COCCC(C)CC(=COC1OC=C([O-])C(=O)C1O)C(=C=C1C=C(OC)C(O)C(OC)C1)C=O
138 681.2768036 C=[Si](C)OC1=COC(OC=C(CC2CC(OC)C(O[Si](C)(C)C)C(OC)C2)C(=C=C2C=C(OC)C(O)C(OC)C2)C=O)C(O)C1[O-]
139 653.281889 C=[Si](C)OC1=COC(OCC(=C=C=C2C=C(OC)C(O)C(OC)C2)CC2CC(OC)C(O[Si](C)(C)C)C(OC)C2)C(O)C1[O-]
140 663.266239 C=[Si](C)OC1=COC(OC=C(CC2CC(OC)C(O[Si](C)(C)C)C(OC)C2)C(C)=C=C2C=C(OC)C([O-])C(OC)C2)C(=O)C1=O
141 101.042815 [CH-]=CO[SiH](C)C
142 129.0377296 C=C(C[O-])O[Si](=C)C
143 147.0482943 C=[Si](C)OCC([O-])CO
144 145.0326443 C=[Si](C)OC=C([O-])CO
145 679.2975391 COC1=CC(=C=C(C=O)C(=COC2OC=C(O[Si](C)(C)C)C=C2[O-])CC2CC(OC)C(O[Si](C)(C)C)C(OC)C2)CC(OC)C1O
146 679.2975391 COC1=CC(=C=C(C=O)C(=COC2CC(=O)C(O[Si](C)(C)C)=CO2)CC2CC(OC)C(O[Si](C)(C)C)C(OC)C2)CC(OC)C1[O-]
147 651.3026245 COC1=CC(=C=C=C(COC2CC(=O)C(O[Si](C)(C)C)=CO2)CC2CC(OC)C(O[Si](C)(C)C)C(OC)C2)CC(OC)C1[O-]
148 661.2869744 COC1=CC(=C=C(C)C(=COC2CC(=O)C(O[Si](C)(C)C)=CO2)C=C2C=C(OC)C(O[Si](C)(C)C)C(OC)C2)CC(OC)C1[O-]
149 145.0690298 CC([O-])=CO[Si](C)(C)C
150 239.1108946 [CH-]=C1C=C(OC)C(O[Si](C)(C)C)=C(OC)C1
151 455.1742827 COC1=CC(=C=C(C=O)C=COC2OCC(O[Si](C)(C)C)C([O-])C2O)CC(OC)C1O
152 457.1899327 COC1=CC(=C=C(C=O)CCOC2OCC(O[Si](C)(C)C)C([O-])C2O)CC(OC)C1O
153 459.2055828 COC1=CC(=C=C(C[O-])CCOC2OCC(O[Si](C)(C)C)C(O)C2O)CC(OC)C1O
154 225.0952445 [CH2-]OC1=C(O[Si](C)(C)C)C(OC)=CC=C1
155 469.1899327 COC1=CC(=C=C(C=O)C(C)=COC2OCC(O[Si](C)(C)C)C([O-])C2O)CC(OC)C1O
156 473.2212329 COC1=CC(=C=C(C[O-])C(C)COC2OCC(O[Si](C)(C)C)C(O)C2O)CC(OC)C1O
157 665.281889 COC1=CC(=C=C(C=O)C(=COC2OC=C(O[Si](C)(C)C)C(=O)C2[O-])CC2CCC(O[Si](C)(C)C)C(OC)C2)CC(OC)C1O
158 667.2975391 COC1=CC(=C=C(C=O)C(=COC2OC=C(O[Si](C)(C)C)C([O-])C2O)CC2CCC(O[Si](C)(C)C)C(OC)C2)CC(OC)C1O
159 681.2768036 COC1=CC(=C=C(C=O)C(=COC2OC=C(O[Si](C)(C)C)C(=O)C2[O-])CC2CC(O)C(O[Si](C)(C)C)C(OC)C2)CC(OC)C1O
160 461.2001035 C=C(C=C1C=C([O-])C(O[Si](C)(C)C)C(OC)C1)C(=C=C1C=C(OC)C(O)C(OC)C1)C=O
161 607.2580123 COC1=CC(=C=C(C=O)C(=COC2OC=C(O[Si](C)(C)C)C(=O)C2[O-])CC2CC(OC)CC(OC)C2)CC(OC)C1O
162 623.2529269 COC1=CC(=C=C(C=O)C(=COC2OC=C(O[Si](C)(C)C)C(=O)C2[O-])CC2CC(OC)C(O)C(OC)C2)CC(OC)C1O
163 625.268577 COC1=CC(=C=C(C=O)C(=COC2OC=C(O[Si](C)(C)C)C([O-])C2O)CC2CC(OC)C(O)C(OC)C2)CC(OC)C1O
164 609.2372769 COC1CC(C=C(C=O)C(=COC2OC=C(O[Si](C)(C)C)C(=O)C2[O-])CC2CC(OC)C(O)C(OC)C2)=CC(=O)C1O
165 607.2580123 COC1=CC(=C=C(C)C(=COC2OC=C(O[Si](C)(C)C)C(=O)C2=O)CC2CC(OC)C([O-])C(OC)C2)CC(OC)C1O
166 609.2372769 C=[Si](C)OC1=COC(OC=C(CC2CC(OC)C(O)C(OC)C2)C(=C=C2C=C(OC)C(O)C(OC)C2)C=O)C(O)C1[O-]
167 607.2580123 COC1=CC(=C=C(C=O)C(=COC2CC(=O)C(O[Si](C)(C)C)=CO2)CC2CC(OC)C([O-])C(OC)C2)CC(OC)C1O
168 609.2372769 COC1=CC(=C=C(C=O)C(=COC2OC=C(O[Si](C)(C)C)C(=O)C2[O-])CC2CC(O)C(O)C(OC)C2)CC(OC)C1O
169 681.2768036 COC1=CC(=C=C(C=O)C(=COC2OC=C(O[Si](C)(C)C)C(=O)C2[O-])CC2CC(OC)C(O[SiH](C)C)C(OC)C2)CC(OC)C1O
170 653.281889 COC1=CC(=C=C=C(COC2OC=C(O[Si](C)(C)C)C(=O)C2[O-])CC2CC(OC)C(O[SiH](C)C)C(OC)C2)CC(OC)C1O
171 663.266239 COC1=CC(=C=C(C)C(=COC2OC=C(O[Si](C)(C)C)C(=O)C2=O)C=C2CC(OC)C(O[SiH](C)C)C(OC)C2)CC(OC)C1[O-]
172 461.2001035 C=C(C=C1C=C(OC)C(O[SiH](C)C)C(OC)C1)C(=C=C1C=C(OC)C([O-])C(OC)C1)C=O
173 679.2975391 COC1=CC(=C=C(C=O)C(=COC2OC=C(O[Si](C)(C)C)C(=O)C2[O-])CC2CC(OC)C(O[Si](C)(C)C)C(OC)C2)CC(OC)C1
174 669.3131892 COC#CC(=C=C(C=O)C(=COC1OCC(O[Si](C)(C)C)C([O-])C1O)CC1CC(OC)C(O[Si](C)(C)C)C(OC)C1)CCOC
175 639.3026245 COC#CC(=C=C=C(COC1OC=C(O[Si](C)(C)C)C([O-])C1O)CC1CC(OC)C(O[Si](C)(C)C)C(OC)C1)CCOC
176 651.3026245 COC#CC(=C=C(C)C(=COC1OC=C(O[Si](C)(C)C)C(=O)C1[O-])CC1CC(OC)C(O[Si](C)(C)C)C(OC)C1)CCOC
177 447.2208389 C=C(C=C1CC(OC)C(O[Si](C)(C)C)C(OC)C1)C(=C=C(C#CO[CH2-])CCOC)C=O
178 597.2736624 COC#CC(=C=C(C=O)C(=COC1OCC([O-])C(O)C1O)CC1CC(OC)C(O[Si](C)(C)C)C(OC)C1)CCOC
179 653.281889 COC#CC(=C=C(C=O)C(=COC1OC=C(O[SiH](C)C)C([O-])C1O)CC1CC(OC)C(O[Si](C)(C)C)C(OC)C1)CCOC
180 651.3026245 COC#CC(=C=C(C=O)C(=COC1CC([O-])C(O[Si](C)(C)C)=CO1)CC1CC(OC)C(O[Si](C)(C)C)C(OC)C1)CCOC
181 653.281889 COC#CC(=C=C(C=O)C(=COC1OC=C(O[Si](C)(C)C)C([O-])C1O)CC1CC(O)C(O[Si](C)(C)C)C(OC)C1)CCOC
182 653.281889 COC#CC(=C=C(C=O)C(=COC1OC=C(O[Si](C)(C)C)C([O-])C1O)CC1CC(OC)C(O[SiH](C)C)C(OC)C1)CCOC
183 667.2975391 COC#CC(=C=C(C=O)C(=COC1OC=C(O[Si](C)(C)C)C([O-])C1O)CC1CC(OC)C(O[Si](C)(C)C)C(OC)C1)CCOC
184 665.281889 COC#CC(=C=C(C=O)C(=COC1OC=C(O[Si](C)(C)C)C(=O)C1[O-])CC1CC(OC)C(O[Si](C)(C)C)C(OC)C1)CCOC
185 627.3026245 COC#CC(C)=C=C(C=O)C(COC1OCC(O[Si](C)(C)C)C([O-])C1O)CC1CC(OC)C(O[Si](C)(C)C)C(OC)C1
186 625.2869744 COC#CC(C)=C=C(C=O)C(=COC1OCC(O[Si](C)(C)C)C([O-])C1O)CC1CC(OC)C(O[Si](C)(C)C)C(OC)C1
187 623.2713243 COC#CC(C)=C=C(C=O)C(=COC1OC=C(O[Si](C)(C)C)C([O-])C1O)CC1CC(OC)C(O[Si](C)(C)C)C(OC)C1
188 621.2556743 COC#CC(C)=C=C(C=O)C(=COC1OC=C(O[Si](C)(C)C)C(=O)C1[O-])CC1CC(OC)C(O[Si](C)(C)C)C(OC)C1
189 611.2713243 COC#CC#CC(=C=O)C(COC1OCC(O[Si](C)(C)C)C([O-])C1O)CC1CC(OC)C(O[Si](C)(C)C)C(OC)C1
190 55.0189383 C#CO[CH2-]
191 639.266239 COC(CO)CC#CC(=C=O)C(=COC1OC=C(O[Si](C)(C)C)C(=O)C1[O-])CC1CC(OC)C(O[Si](C)(C)C)C(OC)C1
192 641.281889 COC(CO)CC#CC(=C=O)C(=COC1OC=C(O[Si](C)(C)C)C([O-])C1O)CC1CC(OC)C(O[Si](C)(C)C)C(OC)C1
193 651.266239 C=C(C=C(C=O)C(=COC1OC=C(O[Si](C)(C)C)C(=O)C1=O)C=C1CC(OC)C(O[Si](C)(C)C)C(OC)C1)CC(C[O-])OC
194 653.281889 C=C(C=C(C=O)C(=COC1OC=C(O[Si](C)(C)C)C(=O)C1=O)CC1CC(OC)C(O[Si](C)(C)C)C(OC)C1)CC(C[O-])OC
195 625.2869744 C=C(C#CC(=COC1OC=C(O[Si](C)(C)C)C(=O)C1[O-])CC1CC(OC)C(O[Si](C)(C)C)C(OC)C1)CC(CO)OC
196 433.2051889 C=C(C=C(C=O)C(=C)C=C1C=C(OC)C(O[Si](C)(C)C)=C(OC)C1)CC(C[O-])OC
197 581.2607597 C=C(C)C=C(C=O)C(=COC1OC=C(O[Si](C)(C)C)C(=O)C1[O-])CC1CC(OC)C(O[Si](C)(C)C)C(OC)C1
198 99.02716495 [C-]#CO[SiH](C)C
199 581.2423622 COC1=CC(=C=C(C=O)C(=COC(=O)C([O-])C=O)CC2CC(OC)C(O[Si](C)(C)C)C(OC)C2)CC(OC)C1O
200 147.0846798 CC(C[O-])O[Si](C)(C)C
201 549.2161475 COC1=CC(=C=C(C=O)C(=COC(=O)C=O)C=C2CC(OC)C(O[Si](C)(C)C)C(OC)C2)CC(OC)C1[O-]
202 551.2317976 COC1=CC(=C=C(C=O)C(=COC(=O)C=O)CC2CC(OC)C(O[Si](C)(C)C)C(OC)C2)CC(OC)C1[O-]
203 553.2474476 COC1=CC(=C=C(C=O)C(=COC(=O)C[O-])CC2CC(OC)C(O[Si](C)(C)C)C(OC)C2)CC(OC)C1O
204 555.2630977 COC1=CC(=C=C(C=O)C(=COC([O-])CO)CC2CC(OC)C(O[Si](C)(C)C)C(OC)C2)CC(OC)C1O
205 173.0639444 C=C(O[Si](C)(C)C)C(=O)C[O-]
206 519.2055828 COC1=CC(=C=C(C=O)C(=COC=O)C=C2C=C(OC)C(O[Si](C)(C)C)C(OC)C2)CC(OC)C1[O-]
207 521.2212329 COC1=CC(=C=C(C=O)C(=COC=O)C=C2CC(OC)C(O[Si](C)(C)C)C(OC)C2)CC(OC)C1[O-]
208 525.252533 COC1=CC(=C=C(C=O)C(=COC[O-])CC2CC(OC)C(O[Si](C)(C)C)C(OC)C2)CC(OC)C1O
209 679.2975391 C=C(O[Si](C)(C)C)C(=O)C(=O)COC=C(CC1CC(OC)C(O[Si](C)(C)C)C(OC)C1)C(=C=C1C=C(OC)C([O-])C(OC)C1)C=O
210 565.2474476 COC1=CC(=C=C(C=O)C(=COCC([O-])=C=O)CC2CC(OC)C(O[Si](C)(C)C)C(OC)C2)CC(OC)C1O
211 535.2368829 COC1=CC(=C=C(C=O)C(=COCC=O)C=C2CC(OC)C(O[Si](C)(C)C)C(OC)C2)CC(OC)C1[O-]
212 595.2580123 COC1=CC(=C=C(C=O)C(=COC(OC)C([O-])=C=O)CC2CC(OC)C(O[Si](C)(C)C)C(OC)C2)CC(OC)C1O
213 129.0377296 C[Si](C)(C)OC#C[O-]
214 163.0795944 C[Si](C)(C)OCC([O-])CO
215 103.0584651 [CH2-]O[Si](C)(C)C
216 505.2263183 COC=C(C=C1C=C(OC)C(O[Si](C)(C)C)C(OC)C1)C(=C=C1C=C(OC)C([O-])C(OC)C1)C=O
217 537.252533 COCOC=C(C=C1CC(OC)C(O[Si](C)(C)C)C(OC)C1)C(=C=C1C=C(OC)C([O-])C(OC)C1)C=O
218 539.2681831 COCOC=C(CC1CC(OC)C(O[Si](C)(C)C)C(OC)C1)C(=C=C1C=C(OC)C([O-])C(OC)C1)C=O
219 669.3131892 COC1=CC(=C=C(C=O)C(=COCC(O)C([O-])=CO[Si](C)(C)C)CC2CC(OC)C(O[Si](C)(C)C)C(OC)C2)CC(OC)C1O
220 667.2975391 COC1=CC(=C=C(C=O)C(=COCC(=O)C([O-])=CO[Si](C)(C)C)CC2CC(OC)C(O[Si](C)(C)C)C(OC)C2)CC(OC)C1O
221 665.281889 COC1=CC(=C=C(C=O)C(=COCC(=O)C([O-])=CO[Si](C)(C)C)C=C2CC(OC)C(O[Si](C)(C)C)C(OC)C2)CC(OC)C1O
222 29.00328823 [CH-]=O
223 635.2713243 COC1=CC(=C=C(C=O)C(=COCOC#CO[Si](C)(C)C)C=C2CC(OC)C(O[Si](C)(C)C)C(OC)C2)CC(OC)C1[O-]
224 637.2869744 COC1=CC(=C=C(C=O)C(=COCOC#CO[Si](C)(C)C)CC2CC(OC)C(O[Si](C)(C)C)C(OC)C2)CC(OC)C1[O-]
225 569.2787477 COC1=CC(=C=C(C=O)C(=COCC(O)C[O-])CC2CC(OC)C(O[Si](C)(C)C)C(OC)C2)CC(OC)C1O
226 567.2630977 COC1=CC(=C=C(C=O)C(=COCC([O-])C=O)CC2CC(OC)C(O[Si](C)(C)C)C(OC)C2)CC(OC)C1O
227 563.2317976 COC1=CC(=C=C(C=O)C(=COCC([O-])=C=O)C=C2CC(OC)C(O[Si](C)(C)C)C(OC)C2)CC(OC)C1O
228 667.2975391 COC1=CC(=C=C(C=O)C(=COCOC=C(C=O)O[Si](C)(C)C)CC2CC(OC)C(O[Si](C)(C)C)C(OC)C2)CC(OC)C1[O-]
229 537.252533 COC1=CC(=C=C(C=O)C(=COCC=O)CC2CC(OC)C(O[Si](C)(C)C)C(OC)C2)CC(OC)C1[O-]
230 533.2212329 COC1=CC(=C=C(C=O)C(=COCC=O)C=C2C=C(OC)C(O[Si](C)(C)C)C(OC)C2)CC(OC)C1[O-]
231 161.0639444 C[Si](C)(C)OC(C=O)C[O-]
232 509.2576184 COC=C(CC1CC(OC)C(O[Si](C)(C)C)C(OC)C1)C(=C=C1C=C(OC)C([O-])C(OC)C1)C=O
233 191.0745091 C[Si](C)(C)OC(C=O)C([O-])CO
234 193.0901591 C[Si](C)(C)OC(C[O-])C(O)CO
235 651.266239 COC1=CC(=C=C(C=O)C(=COC2OC=C(O[Si](C)(C)C)C(=O)C2=O)CC(C)CC(CO[Si](C)(C)C)OC)CC(OC)C1[O-]
236 653.281889 COC1=CC(=C=C(C=O)C(=COC2OC=C(O[Si](C)(C)C)C(=O)C2[O-])CC(C)CC(CO[Si](C)(C)C)OC)CC(OC)C1O
237 625.2869744 COC1=CC(=C=C=C(COC2OC=C(O[Si](C)(C)C)C(=O)C2[O-])CC(C)CC(CO[Si](C)(C)C)OC)CC(OC)C1O
238 635.2713243 COC1=CC(=C=C(C)C(=COC2OC=C(O[Si](C)(C)C)C(=O)C2=O)C=C(C)CC(CO[Si](C)(C)C)OC)CC(OC)C1[O-]
239 433.2051889 C=C(C=C(C)CC(=CO[Si](C)(C)C)OC)C(=C=C1C=C(OC)C([O-])C(OC)C1)C=O
240 549.2161475 COCCC(C)CC(=COC1OC=C(O[Si](C)(C)C)C(=O)C1=O)C(=C=C1C=C(OC)C([O-])C(OC)C1)C=O
241 551.2317976 COCCC(C)CC(=COC1OC=C(O[Si](C)(C)C)C(=O)C1[O-])C(=C=C1C=C(OC)C(O)C(OC)C1)C=O
242 553.2474476 COCCC(C)CC(=COC1OC=C(O[Si](C)(C)C)C([O-])C1O)C(=C=C1C=C(OC)C(O)C(OC)C1)C=O
243 555.2630977 COCCC(C)CC(=COC1OCC(O[Si](C)(C)C)C([O-])C1O)C(=C=C1C=C(OC)C(O)C(OC)C1)C=O
244 509.2212329 COC1=CC(=C=C(C=O)C(=COC2OC=C(O[Si](C)(C)C)C([O-])C2O)CC(C)C)CC(OC)C1O
245 593.2423622 COCCC(CCOC)CC(=COC1OC=C(O[Si](C)(C)C)C(=O)C1=O)C(=C=C1C=C(OC)C([O-])C(OC)C1)C=O
246 595.2580123 COCCC(CCOC)CC(=COC1OC=C(O[Si](C)(C)C)C(=O)C1[O-])C(=C=C1C=C(OC)C(O)C(OC)C1)C=O
247 539.2317976 COCCCCC(=COC1OC=C(O[Si](C)(C)C)C([O-])C1O)C(=C=C1C=C(OC)C(O)C(OC)C1)C=O
248 641.281889 COC1=CC(=C=C(C=O)C(=COC2OC=C(O[Si](C)(C)C)C([O-])C2O)CCCC(CO[Si](C)(C)C)OC)CC(OC)C1O
249 639.266239 COC1=CC(=C=C(C=O)C(=COC2OC=C(O[Si](C)(C)C)C(=O)C2[O-])CCCC(CO[Si](C)(C)C)OC)CC(OC)C1O
